fireworks - Terminal Fireworks Particle Simulator
2	wireframe3d - 3D ASCII Wireframe Renderer (6 shapes, depth shading, painter's algorithm)
3	matrixrain - Terminal Matrix Digital Rain Effect (multi-layer depth, ANSI colour, glitch)
4	mandelbrot - Interactive Mandelbrot/Julia Set Fractal Explorer (7 palettes, smooth zoom, ASCII rendering)
5	voxelspace - Voxel Space Terrain Flythrough (procedural island, ray-marching, ANSI color, minimap)
6	enigma - Enigma I/M3 Cipher Machine Simulator (historically accurate rotors, plugboard, double-stepping, signal tracing)
7	sortviz - Terminal Sorting Algorithm Visualizer (6 algorithms: bubble, selection, insertion, quick, merge, heap; animated bars, rainbow colors, progress tracking)
8	minesweeper - Terminal Minesweeper Game (3 difficulties, flood-fill, flagging, chord, first-click safety, timer, win animation)
9	roguelike - Terminal Roguelike Dungeon Crawler (procedural dungeons, fog of war, combat, items, inventory, 10 floors, experience/leveling, minimap)
10	tetris - Terminal Tetris (SRS rotation, wall kicks, ghost piece, hold, 7-bag randomizer, 3-piece preview, lock delay, line clear animation)
11	pathfind - Terminal Pathfinding Algorithm Visualizer (BFS, DFS, Dijkstra, A*; animated step-by-step; maze generation; interactive grid)
12	fallsand - Terminal Falling Sand Particle Simulation (10 materials: sand, water, stone, fire, smoke, oil, wood, lava, acid, plant; density physics; chemical interactions; brush drawing; rain mode)
14	raycaster - Terminal Pseudo-3D Raycasting Engine (DDA raycasting, ANSI 256-color, minimap, 5 wall types, wall-sliding collision)
15	chess - Terminal Chess Game with AI Opponent (Unicode pieces, full rules, castling/en passant/promotion, minimax alpha-beta depth 4, check/checkmate/stalemate, move history, undo)
15	boids - Terminal Boids Flocking Simulation (Craig Reynolds algorithm, emergent flocking, rainbow color, predator avoidance, trails, wind)
16	lifesim - Interactive Cellular Automata Explorer (7 rulesets, 8 stamp patterns, age coloring, population sparkline, toroidal grid)
17	lsystem - Terminal L-System Fractal Generator (10 fractals, HSV palettes, direction-aware rendering, zoom/pan, animation)
18	fluidsim - Terminal Fluid Dynamics Simulator (Navier-Stokes stable fluids, Gauss-Seidel diffusion, semi-Lagrangian advection, ANSI 256-color, 4 palettes)
19	synth - Terminal Chiptune Synthesizer (4 waveforms, interactive keyboard piano, ASCII oscilloscope, 4 demo songs, WAV export)
20	mazesolve - Terminal Maze Generator & Solver (3 gen algos: DFS/Prim/Kruskal, 4 solve algos: DFS/BFS/A*/DeadFill, animated, interactive player mode, stats)
21	21	nbody - Terminal N-Body Gravity Simulator (velocity-Verlet integration, 4 presets: solar/binary/figure8/cluster, orbital trails, collision merging, energy tracking, interactive body placement)
22	breakout - Terminal Breakout/Arkanoid Brick Breaker (5 levels, 3 brick types, 4 power-ups: Wide/Multi/Slow/Life, particle effects, combo scoring, rainbow colors)
23	spreadsheet - Terminal Spreadsheet (VisiCalc-style formula engine, cell references A1-Z99, ranges, SUM/AVG/MIN/MAX/COUNT, curses UI, goto, column resize)
23	towerdef - Terminal Tower Defense Game (4 tower types: Cannon/Laser/Frost/Sniper, 4 enemy types, serpentine path, upgrade/sell, wave system, laser beams, splash damage, slow effects, range display)
25	clothsim - Terminal Verlet Cloth Physics Simulation (3 scene presets, strain coloring, cloth tearing, wind turbulence, interactive cursor)
26\tsudoku - Terminal Sudoku Puzzle Game (unique solution generator, 3 difficulty levels, pencil marks, hints, undo, error highlighting, auto-solve animation, timer, win celebration)
27	g2048 - Terminal 2048 Sliding Puzzle Game (smooth animations, ANSI 256-color tiles, score/best tracking, undo, continue-after-win)
28	snake-4324 - Terminal Snake Game with AI (BFS pathfinding + flood-fill safety + tail-chase, human/AI toggle, ANSI 256-color, speed control)
29	poker - Terminal Texas Hold'em Poker (3 AI opponents: TAG/LAG/Fish, full hand evaluation, blind rotation, 4 betting rounds, all-in, showdown)
30	reactdiff - Terminal Reaction-Diffusion Simulator (Gray-Scott model, 6 presets: Coral/Mitosis/Fingerprints/Spots/Stripes/Worms, 5 color palettes, mouse interaction, toroidal grid, run-length optimized rendering)
31	connect4 - Terminal Connect Four Game with AI (minimax alpha-beta, 3 difficulties, animated drop, win highlight, undo, score tracking)
32	httpd - Tiny Terminal HTTP Server with Live Dashboard (HTTP/1.1 GET/HEAD, MIME types, directory listing, ETag/304, range requests/206, fork-based concurrency, ncurses monitoring)
33	33	solarium - Terminal Solar System Simulator (8 planets, Kepler orbital mechanics, orbital trails, zoom/pan, minimap, planet info panel, focus tracking, speed control)
